<?xml version="1.0" encoding="UTF-8"?>
<testng-results ignored="0" total="1" passed="1" failed="0" skipped="0">
  <reporter-output>
  </reporter-output>
  <suite started-at="2021-10-04T16:41:58 IST" name="com.automation.testcases.LoginPageTest" finished-at="2021-10-04T16:42:26 IST" duration-ms="27667">
    <groups>
    </groups>
    <test started-at="2021-10-04T16:41:58 IST" name="Command line test" finished-at="2021-10-04T16:42:26 IST" duration-ms="27667">
      <class name="com.automation.testcases.LoginPageTest">
        <test-method is-config="true" signature="springTestContextBeforeTestClass()[pri:0, instance:com.automation.testcases.LoginPageTest@7f3b84b8]" started-at="2021-10-04T16:41:58 IST" name="springTestContextBeforeTestClass" finished-at="2021-10-04T16:41:58 IST" duration-ms="7" status="PASS">
          <reporter-output>
          </reporter-output>
        </test-method> <!-- springTestContextBeforeTestClass -->
        <test-method is-config="true" signature="springTestContextPrepareTestInstance()[pri:0, instance:com.automation.testcases.LoginPageTest@7f3b84b8]" started-at="2021-10-04T16:41:58 IST" name="springTestContextPrepareTestInstance" finished-at="2021-10-04T16:42:00 IST" depends-on-methods="org.springframework.test.context.testng.AbstractTestNGSpringContextTests.springTestContextBeforeTestClass" duration-ms="1852" status="PASS">
          <reporter-output>
          </reporter-output>
        </test-method> <!-- springTestContextPrepareTestInstance -->
        <test-method is-config="true" signature="springTestContextBeforeTestMethod(java.lang.reflect.Method)[pri:0, instance:com.automation.testcases.LoginPageTest@7f3b84b8]" started-at="2021-10-04T16:42:00 IST" name="springTestContextBeforeTestMethod" finished-at="2021-10-04T16:42:00 IST" duration-ms="2" status="PASS">
          <params>
            <param index="0">
              <value>
                <![CDATA[public void com.automation.testcases.LoginPageTest.test_success()]]>
              </value>
            </param>
          </params>
          <reporter-output>
          </reporter-output>
        </test-method> <!-- springTestContextBeforeTestMethod -->
        <test-method signature="test_success()[pri:0, instance:com.automation.testcases.LoginPageTest@7f3b84b8]" started-at="2021-10-04T16:42:00 IST" name="test_success" finished-at="2021-10-04T16:42:26 IST" duration-ms="25778" status="PASS">
          <reporter-output>
          </reporter-output>
        </test-method> <!-- test_success -->
        <test-method is-config="true" signature="springTestContextAfterTestMethod(java.lang.reflect.Method)[pri:0, instance:com.automation.testcases.LoginPageTest@7f3b84b8]" started-at="2021-10-04T16:42:26 IST" name="springTestContextAfterTestMethod" finished-at="2021-10-04T16:42:26 IST" duration-ms="2" status="PASS">
          <params>
            <param index="0">
              <value>
                <![CDATA[public void com.automation.testcases.LoginPageTest.test_success()]]>
              </value>
            </param>
          </params>
          <reporter-output>
          </reporter-output>
        </test-method> <!-- springTestContextAfterTestMethod -->
        <test-method is-config="true" signature="springTestContextAfterTestClass()[pri:0, instance:com.automation.testcases.LoginPageTest@7f3b84b8]" started-at="2021-10-04T16:42:26 IST" name="springTestContextAfterTestClass" finished-at="2021-10-04T16:42:26 IST" duration-ms="1" status="PASS">
          <reporter-output>
          </reporter-output>
        </test-method> <!-- springTestContextAfterTestClass -->
      </class> <!-- com.automation.testcases.LoginPageTest -->
    </test> <!-- Command line test -->
  </suite> <!-- com.automation.testcases.LoginPageTest -->
</testng-results>
